SF:lib\Objects.dart
DA:15,1
DA:17,1
DA:18,2
DA:19,1
DA:20,1
DA:21,3
DA:22,1
DA:23,1
DA:24,2
DA:25,1
DA:26,1
DA:27,2
DA:33,3
DA:35,1
DA:36,1
DA:39,1
DA:40,3
DA:41,3
DA:42,3
DA:43,3
DA:44,3
DA:45,3
DA:46,1
DA:49,1
DA:53,1
DA:54,1
DA:55,1
DA:56,1
DA:59,0
DA:60,0
DA:62,0
DA:63,0
DA:64,0
DA:65,0
DA:67,0
DA:72,0
DA:73,0
DA:74,0
DA:75,0
DA:76,0
DA:77,0
DA:85,0
DA:88,0
DA:89,0
DA:94,0
DA:95,0
DA:97,0
DA:98,0
DA:99,0
DA:101,0
DA:103,0
DA:108,0
DA:109,0
DA:110,0
DA:112,0
DA:113,0
DA:114,0
DA:115,0
DA:117,0
DA:119,0
DA:126,1
DA:127,1
DA:128,1
DA:129,1
DA:130,1
DA:131,1
DA:132,1
DA:135,1
DA:136,4
DA:137,3
DA:140,0
DA:143,0
DA:144,0
DA:145,0
DA:146,0
DA:148,0
DA:153,0
DA:155,0
DA:156,0
DA:157,0
DA:158,0
DA:159,0
DA:161,0
DA:171,1
DA:173,1
DA:174,1
DA:177,3
DA:178,2
DA:179,2
DA:182,1
DA:185,1
DA:187,5
DA:191,0
DA:192,0
DA:193,0
DA:195,0
DA:196,0
DA:197,0
DA:198,0
DA:200,0
DA:201,0
DA:206,0
DA:207,0
DA:208,0
DA:209,0
DA:210,0
DA:211,0
DA:213,0
DA:214,0
DA:219,1
DA:220,1
DA:221,3
DA:222,3
DA:233,1
DA:235,1
DA:236,1
DA:237,1
DA:238,1
DA:239,1
DA:241,0
DA:242,0
DA:243,0
DA:245,0
DA:246,0
DA:247,0
DA:248,0
DA:250,0
DA:252,0
DA:253,0
DA:264,1
DA:267,1
DA:268,1
DA:271,0
DA:273,0
DA:274,0
DA:275,0
DA:277,0
DA:279,0
DA:281,0
DA:282,0
DA:287,1
DA:288,1
DA:289,1
DA:290,4
DA:291,4
DA:293,1
DA:296,1
DA:311,1
DA:314,1
DA:315,5
DA:316,3
DA:319,1
DA:320,1
DA:321,2
DA:322,1
DA:323,1
DA:324,1
DA:325,1
DA:326,1
DA:327,1
DA:328,1
DA:329,1
DA:330,1
DA:335,0
DA:337,0
DA:338,0
DA:339,0
DA:341,0
DA:343,0
DA:345,0
DA:354,1
DA:360,1
DA:362,0
DA:363,0
DA:364,0
DA:365,0
DA:366,0
DA:367,0
DA:369,0
DA:371,0
DA:376,1
DA:377,1
DA:378,3
DA:379,1
DA:380,7
DA:392,1
DA:398,1
LF:187
LH:92
end_of_record
SF:lib\setup\auth.dart
DA:24,1
DA:26,3
DA:29,0
DA:31,0
DA:33,0
DA:37,0
DA:38,0
DA:42,0
DA:43,0
DA:47,0
DA:48,0
DA:52,0
DA:53,0
DA:57,0
DA:59,0
DA:61,0
DA:65,0
DA:66,0
DA:67,0
DA:68,0
DA:69,0
DA:70,0
DA:72,0
DA:75,0
DA:77,0
LF:25
LH:2
end_of_record
SF:lib\main.dart
DA:28,0
DA:32,0
DA:33,0
DA:34,0
DA:35,0
DA:36,0
DA:37,0
DA:38,0
DA:39,0
DA:40,0
DA:41,0
DA:42,0
DA:43,0
DA:46,1
DA:48,1
DA:49,1
DA:50,1
DA:51,1
DA:53,2
DA:54,1
DA:55,1
DA:62,0
DA:63,0
DA:64,0
DA:65,0
DA:66,0
DA:67,0
DA:73,1
DA:75,2
DA:76,1
DA:77,1
DA:78,1
DA:79,2
DA:80,2
DA:81,1
DA:82,0
DA:83,0
DA:84,0
DA:85,0
DA:86,0
DA:87,0
DA:88,0
DA:89,0
DA:92,0
DA:94,0
DA:95,0
DA:98,0
DA:101,1
DA:102,1
LF:49
LH:18
end_of_record
SF:lib\createaccount_widget.dart
DA:15,0
DA:16,0
DA:28,0
DA:30,0
DA:31,0
DA:32,0
DA:33,0
DA:36,0
DA:37,0
DA:38,0
DA:39,0
DA:40,0
DA:47,0
DA:48,0
DA:49,0
DA:56,0
DA:57,0
DA:59,0
DA:60,0
DA:61,0
DA:62,0
DA:63,0
DA:66,0
DA:67,0
DA:68,0
DA:69,0
DA:70,0
DA:71,0
DA:72,0
DA:73,0
DA:75,0
DA:78,0
DA:81,0
DA:82,0
DA:84,0
DA:87,0
DA:89,0
DA:91,0
DA:95,0
DA:98,0
DA:99,0
DA:100,0
DA:102,0
DA:111,0
DA:112,0
DA:113,0
DA:117,0
DA:119,0
DA:122,0
DA:125,0
DA:129,0
DA:131,0
DA:132,0
DA:134,0
DA:135,0
DA:136,0
DA:137,0
DA:139,0
DA:140,0
DA:141,0
DA:146,0
DA:147,0
DA:149,0
DA:151,0
DA:153,0
DA:154,0
DA:155,0
DA:156,0
DA:158,0
DA:159,0
DA:160,0
DA:165,0
DA:166,0
DA:169,0
DA:170,0
DA:171,0
DA:173,0
DA:174,0
DA:175,0
DA:176,0
DA:178,0
DA:179,0
DA:180,0
DA:182,0
DA:183,0
DA:184,0
DA:185,0
DA:186,0
DA:188,0
DA:193,0
DA:195,0
DA:197,0
DA:198,0
DA:200,0
DA:201,0
DA:202,0
DA:203,0
DA:205,0
DA:206,0
DA:207,0
DA:209,0
DA:210,0
DA:211,0
DA:212,0
DA:213,0
DA:215,0
DA:220,0
DA:221,0
DA:222,0
DA:223,0
DA:224,0
DA:225,0
DA:226,0
DA:227,0
DA:231,0
DA:232,0
DA:233,0
DA:234,0
DA:235,0
DA:236,0
DA:237,0
DA:238,0
DA:239,0
DA:241,0
DA:244,0
DA:245,0
DA:246,0
DA:247,0
DA:248,0
DA:249,0
DA:254,0
DA:255,0
DA:256,0
DA:258,0
DA:260,0
DA:262,0
DA:264,0
LF:137
LH:0
end_of_record
SF:lib\page_container.dart
DA:14,0
DA:16,0
DA:24,0
DA:25,0
DA:26,0
DA:27,0
DA:28,0
DA:29,0
DA:30,0
DA:31,0
DA:43,0
DA:44,0
DA:45,0
DA:50,0
DA:53,0
DA:54,0
DA:55,0
DA:56,0
DA:57,0
DA:61,0
DA:65,0
DA:66,0
DA:67,0
DA:68,0
DA:71,0
DA:72,0
DA:73,0
DA:76,0
DA:78,0
DA:79,0
DA:80,0
DA:84,0
DA:88,0
DA:92,0
LF:34
LH:0
end_of_record
SF:lib\setup\provider.dart
DA:12,1
DA:17,1
DA:22,0
DA:27,1
DA:28,1
LF:5
LH:4
end_of_record
SF:lib\setup\validators.dart
DA:1,8
DA:4,0
DA:5,0
DA:8,0
DA:11,0
DA:15,0
DA:18,0
DA:20,0
DA:26,0
DA:27,0
DA:28,0
DA:37,0
DA:38,0
DA:42,0
DA:50,0
DA:51,0
LF:16
LH:1
end_of_record
SF:lib\login_widget.dart
DA:15,1
DA:17,1
DA:31,0
DA:32,0
DA:33,0
DA:34,0
DA:35,0
DA:42,0
DA:43,0
DA:44,0
DA:45,0
DA:46,0
DA:54,0
DA:55,0
DA:57,0
DA:58,0
DA:59,0
DA:60,0
DA:61,0
DA:62,0
DA:65,0
DA:66,0
DA:67,0
DA:69,0
DA:71,0
DA:75,0
DA:76,0
DA:77,0
DA:79,0
DA:88,0
DA:91,0
DA:92,0
DA:93,0
DA:96,0
DA:97,0
DA:102,0
DA:103,0
DA:104,0
DA:106,0
DA:107,0
DA:108,0
DA:110,0
DA:115,0
DA:116,0
DA:117,0
DA:121,0
DA:123,0
DA:124,0
DA:125,0
DA:127,0
DA:128,0
DA:129,0
DA:130,0
DA:131,0
DA:132,0
DA:135,0
DA:136,0
DA:138,0
DA:139,0
DA:140,0
DA:141,0
DA:142,0
DA:145,0
DA:146,0
DA:147,0
DA:153,0
DA:155,0
DA:156,0
DA:158,0
DA:159,0
DA:162,0
DA:163,0
DA:167,0
DA:168,0
DA:175,1
DA:178,1
DA:179,1
DA:183,1
DA:186,0
DA:187,1
DA:189,1
DA:190,1
DA:191,1
DA:192,2
DA:194,1
DA:195,1
DA:196,1
DA:201,1
DA:204,0
DA:205,1
DA:206,1
DA:208,1
DA:209,1
DA:210,2
DA:211,1
DA:213,1
DA:214,1
DA:215,1
DA:217,1
DA:218,1
DA:219,1
DA:220,1
DA:221,1
DA:223,1
DA:228,1
DA:229,1
DA:230,1
DA:231,2
DA:232,1
DA:233,1
DA:234,1
DA:235,1
DA:237,1
DA:245,1
DA:248,0
DA:250,0
DA:251,0
DA:253,0
DA:254,0
DA:255,0
DA:257,0
DA:260,0
DA:283,1
DA:284,1
DA:285,1
DA:286,2
DA:287,0
DA:288,0
DA:290,1
DA:291,1
DA:292,1
DA:294,1
DA:302,1
DA:303,1
DA:304,1
DA:305,2
DA:306,0
DA:307,0
DA:309,1
DA:310,1
DA:311,1
DA:313,1
DA:321,1
DA:322,1
DA:323,1
DA:324,1
DA:325,1
DA:326,1
DA:327,1
DA:328,1
DA:329,1
DA:330,1
DA:335,1
DA:336,1
DA:338,1
DA:339,1
DA:345,1
DA:346,1
DA:347,1
DA:348,1
DA:349,1
DA:350,1
DA:351,1
DA:356,1
DA:357,1
DA:358,1
DA:360,1
DA:362,1
DA:365,1
DA:367,1
DA:369,1
DA:382,1
LF:172
LH:86
end_of_record
SF:lib\design.dart
DA:5,0
DA:6,0
DA:7,0
DA:8,0
DA:9,0
DA:13,3
DA:14,1
DA:15,1
DA:16,1
DA:17,1
DA:18,1
DA:19,1
DA:20,1
DA:21,1
DA:22,1
DA:23,1
DA:25,4
LF:17
LH:12
end_of_record
SF:lib\groupgrafiek.dart
DA:6,0
LF:1
LH:0
end_of_record
SF:lib\groupmanagement\admin_widget.dart
DA:15,0
DA:17,0
DA:28,0
DA:29,0
DA:32,0
DA:33,0
DA:35,0
DA:36,0
DA:40,0
DA:41,0
DA:42,0
DA:43,0
DA:44,0
DA:45,0
DA:46,0
DA:47,0
DA:48,0
DA:49,0
DA:50,0
DA:51,0
DA:57,0
DA:59,0
DA:60,0
DA:61,0
DA:63,0
DA:64,0
DA:65,0
DA:67,0
DA:69,0
DA:71,0
DA:72,0
DA:73,0
DA:74,0
DA:77,0
DA:78,0
DA:80,0
DA:81,0
DA:82,0
DA:83,0
DA:84,0
DA:87,0
DA:88,0
DA:89,0
DA:95,0
DA:97,0
DA:98,0
DA:100,0
DA:102,0
DA:110,0
DA:111,0
DA:112,0
DA:113,0
DA:114,0
DA:117,0
DA:118,0
DA:119,0
DA:120,0
DA:121,0
DA:122,0
DA:123,0
DA:124,0
DA:125,0
DA:126,0
DA:127,0
DA:128,0
DA:129,0
DA:130,0
DA:131,0
DA:133,0
DA:142,0
DA:145,0
DA:146,0
DA:149,0
DA:150,0
DA:153,0
DA:156,0
DA:157,0
DA:158,0
DA:159,0
DA:161,0
DA:163,0
DA:165,0
DA:167,0
DA:171,0
DA:173,0
DA:174,0
DA:175,0
DA:176,0
DA:177,0
DA:178,0
DA:179,0
DA:180,0
DA:181,0
DA:182,0
DA:183,0
DA:184,0
DA:185,0
DA:186,0
DA:193,0
DA:194,0
DA:195,0
DA:196,0
DA:197,0
DA:198,0
DA:200,0
DA:201,0
LF:106
LH:0
end_of_record
SF:lib\groupmanagement\listitem_widget.dart
DA:14,0
DA:16,0
DA:18,0
DA:33,0
DA:34,0
DA:35,0
DA:36,0
DA:38,0
DA:43,0
DA:44,0
DA:45,0
DA:51,0
DA:52,0
DA:53,0
DA:54,0
DA:55,0
DA:56,0
DA:57,0
DA:58,0
DA:60,0
DA:61,0
DA:63,0
DA:64,0
DA:70,0
DA:71,0
DA:72,0
DA:73,0
DA:74,0
DA:76,0
DA:80,0
DA:81,0
DA:82,0
DA:83,0
DA:84,0
DA:85,0
DA:87,0
DA:88,0
DA:89,0
DA:91,0
DA:93,0
DA:97,0
DA:98,0
DA:99,0
DA:101,0
DA:103,0
DA:107,0
DA:108,0
DA:110,0
DA:112,0
DA:119,0
DA:120,0
DA:122,0
DA:123,0
DA:125,0
DA:126,0
DA:127,0
DA:128,0
DA:130,0
DA:133,0
DA:138,0
DA:140,0
DA:141,0
DA:143,0
DA:144,0
DA:152,0
DA:154,0
DA:155,0
DA:156,0
DA:157,0
DA:158,0
DA:160,0
DA:161,0
DA:163,0
DA:164,0
DA:165,0
DA:168,0
DA:169,0
DA:171,0
DA:173,0
DA:175,0
DA:177,0
LF:81
LH:0
end_of_record
SF:lib\groupmanagement\title_widget.dart
DA:6,0
DA:8,0
DA:10,0
DA:12,0
DA:14,0
DA:15,0
DA:19,0
DA:26,0
DA:29,0
DA:30,0
DA:31,0
DA:32,0
DA:33,0
DA:35,0
LF:14
LH:0
end_of_record
SF:lib\groupmanagement\invitecode_widget.dart
DA:10,0
DA:17,0
DA:18,0
DA:19,0
DA:20,0
DA:21,0
DA:22,0
DA:23,0
DA:28,0
DA:30,0
DA:31,0
DA:32,0
DA:33,0
DA:36,0
DA:37,0
DA:38,0
DA:42,0
DA:43,0
DA:46,0
DA:47,0
DA:48,0
DA:49,0
DA:52,0
DA:54,0
DA:55,0
LF:25
LH:0
end_of_record
SF:lib\groupmanagement\creategroup_widget.dart
DA:11,0
DA:16,0
DA:17,0
DA:18,0
DA:19,0
DA:21,0
DA:22,0
DA:23,0
DA:24,0
DA:26,0
DA:28,0
DA:29,0
DA:33,0
DA:39,0
DA:42,0
DA:50,0
DA:52,0
DA:53,0
DA:55,0
DA:56,0
DA:60,0
DA:65,0
DA:66,0
DA:67,0
DA:70,0
DA:71,0
DA:74,0
DA:75,0
DA:76,0
DA:77,0
DA:80,0
DA:83,0
DA:85,0
DA:87,0
DA:88,0
DA:89,0
LF:36
LH:0
end_of_record
SF:lib\home_widget.dart
DA:24,0
DA:25,0
DA:27,0
DA:29,0
DA:39,0
DA:40,0
DA:41,0
DA:42,0
DA:43,0
DA:44,0
DA:45,0
DA:47,0
DA:51,0
DA:56,0
DA:57,0
DA:58,0
DA:60,0
DA:61,0
DA:62,0
DA:67,0
DA:68,0
DA:69,0
DA:74,0
DA:75,0
DA:76,0
DA:77,0
DA:78,0
DA:82,0
DA:84,0
DA:85,0
DA:86,0
DA:87,0
DA:88,0
DA:90,0
DA:91,0
DA:95,0
DA:96,0
DA:97,0
DA:100,0
DA:101,0
DA:102,0
DA:103,0
DA:104,0
DA:106,0
DA:108,0
DA:109,0
DA:112,0
DA:113,0
DA:118,0
DA:119,0
DA:120,0
DA:121,0
DA:122,0
DA:123,0
DA:125,0
DA:126,0
DA:127,0
DA:128,0
DA:129,0
DA:130,0
DA:135,0
DA:136,0
DA:137,0
DA:139,0
DA:144,0
DA:145,0
DA:146,0
DA:147,0
DA:148,0
DA:150,0
DA:151,0
DA:153,0
DA:154,0
DA:155,0
DA:156,0
DA:158,0
DA:173,0
DA:174,0
DA:175,0
DA:176,0
DA:178,0
DA:179,0
DA:188,0
DA:189,0
DA:190,0
LF:85
LH:0
end_of_record
SF:lib\groupmanagement\groupsetup_widget.dart
DA:10,0
DA:14,0
DA:15,0
DA:16,0
DA:17,0
DA:18,0
DA:22,0
DA:23,0
DA:24,0
DA:25,0
DA:26,0
DA:30,0
DA:32,0
DA:35,0
DA:41,0
DA:44,0
DA:49,0
DA:52,0
DA:55,0
DA:56,0
DA:57,0
DA:60,0
DA:61,0
DA:62,0
DA:66,0
DA:67,0
DA:70,0
DA:71,0
DA:72,0
DA:73,0
DA:76,0
DA:77,0
DA:78,0
DA:79,0
DA:80,0
DA:81,0
DA:82,0
LF:37
LH:0
end_of_record
SF:lib\groupmanagement\joingroup_widget.dart
DA:10,0
DA:16,0
DA:17,0
DA:18,0
DA:19,0
DA:21,0
DA:22,0
DA:23,0
DA:25,0
DA:26,0
DA:28,0
DA:31,0
DA:33,0
DA:34,0
DA:35,0
DA:38,0
DA:41,0
DA:47,0
DA:49,0
DA:50,0
DA:52,0
DA:53,0
DA:57,0
DA:58,0
DA:61,0
DA:62,0
DA:63,0
DA:64,0
DA:67,0
DA:68,0
DA:71,0
DA:74,0
LF:32
LH:0
end_of_record
SF:lib\schedules\admintaskadder_widget.dart
DA:21,0
DA:23,0
DA:24,0
DA:38,0
DA:39,0
DA:41,0
DA:42,0
DA:43,0
DA:44,0
DA:45,0
DA:46,0
DA:47,0
DA:51,0
DA:52,0
DA:53,0
DA:59,0
DA:60,0
DA:61,0
DA:62,0
DA:63,0
DA:64,0
DA:65,0
DA:66,0
DA:67,0
DA:68,0
DA:69,0
DA:70,0
DA:71,0
DA:72,0
DA:73,0
DA:75,0
DA:76,0
DA:80,0
DA:85,0
DA:86,0
DA:90,0
DA:91,0
DA:92,0
DA:94,0
DA:96,0
DA:97,0
DA:98,0
DA:99,0
DA:106,0
DA:108,0
DA:110,0
DA:112,0
DA:115,0
DA:116,0
DA:117,0
DA:118,0
DA:121,0
DA:123,0
DA:124,0
DA:127,0
DA:128,0
DA:129,0
DA:133,0
DA:134,0
DA:135,0
DA:136,0
DA:137,0
DA:138,0
DA:141,0
DA:143,0
DA:144,0
DA:145,0
DA:148,0
DA:149,0
DA:153,0
DA:154,0
DA:155,0
DA:156,0
DA:157,0
DA:158,0
DA:159,0
DA:160,0
DA:161,0
DA:162,0
DA:164,0
DA:165,0
DA:167,0
DA:168,0
DA:169,0
DA:170,0
DA:174,0
DA:176,0
DA:177,0
DA:181,0
DA:182,0
DA:183,0
DA:185,0
DA:187,0
DA:188,0
DA:189,0
DA:190,0
DA:192,0
DA:193,0
DA:194,0
DA:195,0
DA:196,0
DA:197,0
DA:198,0
DA:203,0
DA:206,0
DA:209,0
DA:211,0
DA:212,0
DA:215,0
DA:216,0
DA:217,0
DA:222,0
DA:223,0
DA:226,0
DA:227,0
DA:228,0
DA:229,0
DA:230,0
DA:234,0
DA:235,0
DA:236,0
DA:237,0
DA:238,0
DA:239,0
DA:241,0
DA:242,0
DA:243,0
DA:245,0
DA:246,0
DA:247,0
DA:249,0
DA:251,0
DA:253,0
DA:255,0
DA:257,0
LF:135
LH:0
end_of_record
SF:lib\schedules\clickedOnCheckHousemate.dart
DA:22,0
DA:24,0
DA:26,0
DA:32,0
DA:33,0
DA:35,0
DA:36,0
DA:37,0
DA:40,0
DA:41,0
DA:42,0
DA:43,0
DA:47,0
DA:48,0
DA:49,0
DA:50,0
DA:51,0
DA:53,0
DA:55,0
DA:56,0
DA:57,0
DA:58,0
DA:64,0
DA:65,0
DA:66,0
DA:67,0
DA:69,0
DA:76,0
DA:77,0
DA:78,0
DA:79,0
DA:80,0
DA:81,0
DA:86,0
DA:87,0
DA:88,0
DA:89,0
DA:90,0
DA:91,0
DA:92,0
DA:93,0
DA:94,0
DA:95,0
DA:96,0
DA:97,0
DA:106,0
DA:107,0
DA:109,0
DA:110,0
DA:111,0
DA:112,0
DA:113,0
DA:115,0
DA:119,0
DA:120,0
DA:121,0
DA:123,0
DA:124,0
DA:128,0
DA:129,0
DA:130,0
DA:131,0
DA:133,0
DA:135,0
DA:136,0
DA:138,0
DA:139,0
DA:140,0
DA:145,0
DA:147,0
DA:148,0
DA:149,0
DA:150,0
DA:151,0
DA:152,0
DA:153,0
DA:154,0
DA:155,0
DA:156,0
DA:157,0
DA:158,0
DA:159,0
DA:160,0
DA:161,0
LF:84
LH:0
end_of_record
SF:lib\setup\widgets.dart
DA:9,0
DA:10,0
DA:13,0
DA:14,0
DA:16,0
DA:25,0
DA:26,0
DA:28,0
DA:30,0
DA:31,0
DA:33,0
DA:36,0
DA:37,0
DA:40,0
DA:42,0
DA:43,0
DA:46,0
DA:48,0
DA:49,0
DA:50,0
DA:51,0
DA:54,0
DA:55,0
DA:56,0
DA:57,0
DA:58,0
DA:68,0
DA:69,0
DA:70,0
DA:71,0
DA:72,0
DA:73,0
DA:74,0
DA:75,0
DA:76,0
DA:77,0
DA:80,0
DA:81,0
DA:82,0
DA:83,0
DA:84,0
DA:85,0
DA:86,0
DA:87,0
LF:44
LH:0
end_of_record
SF:lib\services\permission_serivce.dart
DA:7,0
DA:8,0
DA:9,0
DA:15,0
DA:17,0
DA:18,0
DA:21,0
DA:22,0
DA:26,0
DA:27,0
DA:29,0
DA:34,0
DA:35,0
DA:39,0
DA:40,0
DA:42,0
DA:47,0
DA:48,0
DA:52,0
DA:53,0
DA:55,0
LF:21
LH:0
end_of_record
SF:lib\turf_widget.dart
DA:20,0
DA:28,0
DA:29,0
DA:45,0
DA:47,0
DA:48,0
DA:51,0
DA:52,0
DA:53,0
DA:54,0
DA:55,0
DA:57,0
DA:58,0
DA:61,0
DA:63,0
DA:64,0
DA:65,0
DA:66,0
DA:71,0
DA:72,0
DA:73,0
DA:74,0
DA:75,0
DA:76,0
DA:79,0
DA:80,0
DA:81,0
DA:83,0
DA:84,0
DA:85,0
DA:86,0
DA:87,0
DA:88,0
DA:90,0
DA:91,0
DA:95,0
DA:96,0
DA:97,0
DA:102,0
DA:103,0
DA:105,0
DA:106,0
DA:107,0
DA:108,0
DA:112,0
DA:113,0
DA:114,0
DA:115,0
DA:116,0
DA:117,0
DA:124,0
DA:126,0
DA:127,0
DA:128,0
DA:129,0
DA:130,0
DA:131,0
DA:133,0
DA:134,0
DA:135,0
DA:139,0
DA:140,0
DA:141,0
DA:142,0
DA:143,0
DA:144,0
DA:145,0
DA:146,0
DA:147,0
DA:155,0
DA:156,0
DA:159,0
DA:160,0
DA:161,0
DA:162,0
DA:163,0
DA:165,0
DA:166,0
DA:167,0
DA:168,0
DA:169,0
DA:170,0
DA:171,0
DA:174,0
DA:175,0
DA:176,0
DA:177,0
DA:178,0
DA:179,0
DA:180,0
DA:181,0
DA:183,0
DA:185,0
DA:186,0
DA:187,0
DA:193,0
DA:194,0
DA:196,0
DA:197,0
DA:198,0
DA:199,0
DA:200,0
DA:201,0
DA:202,0
DA:206,0
DA:207,0
DA:209,0
DA:210,0
DA:211,0
DA:215,0
DA:216,0
DA:217,0
DA:220,0
DA:221,0
DA:225,0
DA:226,0
DA:227,0
DA:228,0
DA:230,0
DA:235,0
DA:243,0
DA:244,0
DA:245,0
DA:246,0
DA:248,0
DA:249,0
DA:251,0
DA:253,0
DA:258,0
DA:259,0
DA:260,0
DA:261,0
DA:263,0
DA:265,0
DA:266,0
DA:275,0
DA:277,0
DA:278,0
DA:279,0
DA:280,0
DA:281,0
DA:282,0
DA:283,0
DA:284,0
DA:285,0
DA:286,0
DA:287,0
DA:291,0
DA:292,0
DA:293,0
DA:295,0
DA:296,0
DA:297,0
DA:299,0
DA:301,0
DA:302,0
DA:305,0
DA:306,0
DA:308,0
DA:309,0
LF:160
LH:0
end_of_record
SF:lib\turf_widget_addproduct.dart
DA:14,1
DA:16,0
DA:17,0
DA:29,0
DA:30,0
DA:31,0
DA:32,0
DA:33,0
DA:34,0
DA:36,0
DA:38,0
DA:39,0
DA:40,0
DA:42,0
DA:46,0
DA:48,0
DA:49,0
DA:52,0
DA:53,0
DA:54,0
DA:55,0
DA:56,0
DA:58,0
DA:59,0
DA:63,0
DA:64,0
DA:67,0
DA:69,0
DA:71,0
DA:72,0
DA:73,0
DA:75,0
DA:78,0
DA:79,0
DA:80,0
DA:81,0
DA:82,0
DA:83,0
DA:85,0
DA:91,0
DA:93,0
DA:94,0
DA:95,0
DA:96,0
DA:97,0
DA:98,0
DA:99,0
DA:100,0
DA:103,0
DA:104,0
DA:106,0
DA:107,0
DA:108,0
DA:109,0
DA:110,0
DA:112,0
DA:114,0
DA:118,0
DA:119,0
DA:120,0
DA:121,0
DA:123,0
DA:124,0
DA:125,0
DA:126,0
DA:127,0
DA:128,0
DA:129,0
DA:130,0
DA:131,0
DA:132,0
DA:133,0
DA:134,0
DA:135,0
DA:137,0
DA:138,0
DA:139,0
DA:141,0
DA:150,0
DA:152,0
DA:153,0
DA:154,0
DA:155,0
DA:156,0
DA:158,0
DA:160,0
DA:170,0
DA:171,0
DA:173,0
DA:175,0
DA:176,0
DA:177,0
DA:180,0
DA:181,0
DA:182,0
DA:184,0
DA:185,0
DA:186,0
DA:188,0
DA:189,0
DA:190,0
DA:194,0
DA:195,0
DA:197,0
DA:199,0
DA:200,0
DA:201,0
DA:204,0
DA:205,0
DA:206,0
DA:208,0
DA:209,0
DA:210,0
DA:212,0
DA:213,0
DA:214,0
DA:218,0
DA:219,0
DA:220,0
DA:221,0
DA:222,0
DA:223,0
DA:225,0
DA:226,0
DA:227,0
DA:232,0
DA:233,0
DA:235,0
DA:236,0
DA:237,0
DA:240,0
DA:243,0
DA:244,0
DA:245,0
DA:247,0
DA:248,0
DA:249,0
DA:252,0
DA:254,0
DA:255,0
DA:256,0
DA:259,0
DA:262,0
DA:263,0
DA:264,0
DA:266,0
DA:267,0
DA:268,0
DA:271,0
DA:272,0
DA:273,0
DA:274,0
DA:275,0
DA:276,0
DA:277,0
DA:278,0
DA:279,0
DA:280,0
DA:282,0
DA:283,0
DA:284,0
DA:286,0
DA:294,0
DA:295,0
DA:296,0
DA:297,0
DA:298,0
DA:300,0
DA:304,0
DA:305,0
DA:306,0
DA:307,0
DA:308,0
DA:309,0
DA:310,0
DA:311,0
DA:312,0
DA:313,0
DA:317,0
DA:321,0
LF:180
LH:1
end_of_record
SF:lib\turf_widget_admin.dart
DA:9,1
DA:11,0
DA:12,0
DA:20,0
DA:26,0
DA:28,0
DA:29,0
DA:32,0
DA:33,0
DA:34,0
DA:35,0
DA:36,0
DA:39,0
DA:40,0
DA:44,0
DA:45,0
DA:48,0
DA:49,0
DA:51,0
DA:52,0
DA:54,0
DA:55,0
DA:56,0
DA:57,0
DA:58,0
DA:60,0
DA:63,0
DA:64,0
DA:65,0
DA:66,0
DA:68,0
DA:69,0
DA:71,0
DA:75,0
DA:76,0
DA:81,0
DA:82,0
DA:83,0
DA:84,0
DA:85,0
DA:86,0
DA:87,0
DA:90,0
DA:91,0
DA:92,0
DA:93,0
DA:94,0
DA:95,0
DA:98,0
DA:100,0
DA:101,0
DA:102,0
DA:103,0
DA:104,0
DA:105,0
DA:106,0
DA:109,0
DA:111,0
DA:112,0
DA:113,0
DA:114,0
DA:115,0
DA:118,0
DA:119,0
DA:127,0
DA:128,0
DA:132,0
DA:133,0
DA:134,0
DA:135,0
DA:136,0
DA:137,0
DA:138,0
DA:139,0
DA:140,0
DA:142,0
DA:143,0
DA:144,0
DA:146,0
DA:147,0
DA:148,0
DA:152,0
DA:155,0
DA:156,0
DA:157,0
DA:162,0
DA:163,0
DA:164,0
DA:165,0
DA:166,0
DA:167,0
DA:169,0
DA:173,0
DA:174,0
DA:176,0
LF:95
LH:1
end_of_record
SF:lib\turf_widget_edit.dart
DA:12,0
DA:14,1
DA:16,0
DA:17,0
DA:26,0
DA:27,0
DA:28,0
DA:31,0
DA:32,0
DA:33,0
DA:34,0
DA:38,0
DA:39,0
DA:40,0
DA:41,0
DA:42,0
DA:44,0
DA:48,0
DA:52,0
DA:53,0
DA:54,0
DA:55,0
DA:59,0
DA:60,0
DA:61,0
DA:62,0
DA:63,0
DA:64,0
DA:65,0
DA:67,0
DA:71,0
DA:74,0
DA:75,0
DA:76,0
DA:77,0
DA:78,0
DA:79,0
DA:80,0
DA:81,0
DA:84,0
DA:85,0
DA:89,0
DA:90,0
DA:91,0
DA:93,0
DA:95,0
DA:96,0
DA:100,0
DA:104,0
DA:105,0
DA:106,0
DA:110,0
DA:111,0
DA:112,0
DA:113,0
DA:116,0
DA:118,0
DA:119,0
DA:120,0
DA:124,0
DA:125,0
DA:126,0
DA:127,0
DA:128,0
DA:135,0
DA:139,0
DA:140,0
DA:141,0
DA:142,0
DA:143,0
DA:144,0
DA:146,0
DA:147,0
DA:148,0
DA:149,0
DA:152,0
DA:153,0
DA:154,0
DA:155,0
DA:156,0
DA:157,0
DA:158,0
LF:82
LH:1
end_of_record
SF:lib\profile.dart
DA:26,0
DA:27,0
DA:39,0
DA:41,0
DA:42,0
DA:45,0
DA:46,0
DA:47,0
DA:48,0
DA:49,0
DA:50,0
DA:54,0
DA:55,0
DA:57,0
DA:58,0
DA:64,0
DA:65,0
DA:66,0
DA:67,0
DA:68,0
DA:71,0
DA:72,0
DA:74,0
DA:75,0
DA:78,0
DA:79,0
DA:80,0
DA:83,0
DA:84,0
DA:85,0
DA:88,0
DA:89,0
DA:90,0
DA:91,0
DA:92,0
DA:93,0
DA:94,0
DA:96,0
DA:97,0
DA:98,0
DA:99,0
DA:100,0
DA:101,0
DA:105,0
DA:106,0
DA:107,0
DA:109,0
DA:110,0
DA:111,0
DA:112,0
DA:114,0
DA:115,0
DA:118,0
DA:119,0
DA:120,0
DA:121,0
DA:122,0
DA:123,0
DA:124,0
DA:125,0
DA:126,0
DA:127,0
DA:128,0
DA:129,0
DA:130,0
DA:131,0
DA:132,0
DA:135,0
DA:136,0
DA:139,0
DA:140,0
DA:142,0
DA:143,0
DA:144,0
DA:145,0
DA:146,0
DA:147,0
DA:148,0
DA:151,0
DA:152,0
DA:162,0
DA:163,0
DA:164,0
DA:166,0
DA:167,0
DA:169,0
DA:170,0
DA:171,0
DA:173,0
DA:176,0
DA:180,0
DA:182,0
DA:183,0
DA:184,0
DA:186,0
DA:187,0
DA:188,0
DA:190,0
DA:192,0
DA:194,0
DA:195,0
DA:196,0
DA:197,0
DA:200,0
DA:201,0
DA:203,0
DA:204,0
DA:205,0
DA:206,0
DA:207,0
DA:210,0
DA:211,0
DA:212,0
DA:218,0
DA:220,0
DA:221,0
DA:223,0
DA:225,0
DA:233,0
DA:234,0
DA:236,0
DA:237,0
DA:241,0
DA:242,0
DA:246,0
DA:247,0
DA:248,0
DA:249,0
DA:250,0
DA:251,0
DA:252,0
DA:254,0
DA:255,0
DA:256,0
DA:258,0
DA:260,0
DA:264,0
DA:265,0
DA:266,0
DA:268,0
DA:270,0
DA:272,0
DA:273,0
DA:275,0
DA:277,0
DA:284,0
DA:285,0
DA:286,0
DA:287,0
DA:288,0
DA:289,0
DA:290,0
DA:291,0
DA:292,0
DA:293,0
DA:294,0
DA:295,0
DA:300,0
DA:301,0
DA:302,0
DA:303,0
DA:305,0
DA:306,0
DA:309,0
DA:310,0
DA:312,0
DA:314,0
DA:316,0
DA:318,0
DA:319,0
DA:323,0
DA:326,0
DA:327,0
DA:328,0
DA:330,0
DA:333,0
DA:334,0
DA:335,0
DA:338,0
DA:339,0
DA:340,0
DA:341,0
DA:342,0
DA:343,0
DA:344,0
DA:345,0
DA:347,0
DA:348,0
DA:353,0
DA:354,0
DA:358,0
DA:359,0
DA:361,0
DA:369,0
DA:370,0
DA:371,0
DA:372,0
DA:373,0
DA:374,0
DA:375,0
DA:376,0
DA:377,0
DA:379,0
DA:380,0
DA:381,0
DA:382,0
DA:384,0
DA:386,0
DA:388,0
DA:391,0
DA:395,0
DA:398,0
DA:399,0
DA:400,0
DA:401,0
DA:402,0
DA:403,0
DA:405,0
DA:408,0
DA:411,0
DA:415,0
DA:416,0
DA:417,0
DA:418,0
DA:422,0
DA:429,0
DA:431,0
DA:432,0
DA:433,0
DA:434,0
DA:435,0
DA:437,0
DA:439,0
DA:440,0
DA:441,0
DA:443,0
DA:453,0
DA:455,0
DA:456,0
DA:463,0
DA:464,0
DA:465,0
DA:466,0
DA:467,0
DA:468,0
DA:469,0
DA:470,0
DA:472,0
DA:480,0
DA:482,0
DA:483,0
DA:484,0
DA:485,0
DA:488,0
DA:489,0
DA:490,0
DA:491,0
DA:492,0
DA:494,0
DA:496,0
DA:497,0
DA:500,0
DA:501,0
DA:506,0
DA:507,0
DA:508,0
DA:510,0
DA:511,0
DA:515,0
DA:516,0
DA:517,0
DA:518,0
DA:520,0
DA:525,0
DA:526,0
DA:527,0
DA:529,0
DA:530,0
DA:533,0
DA:540,0
DA:541,0
DA:542,0
DA:543,0
DA:544,0
DA:545,0
DA:546,0
DA:561,0
DA:563,0
DA:565,0
DA:566,0
DA:567,0
DA:571,0
LF:292
LH:0
end_of_record
SF:lib\schedules\schoonmaakrooster_widget.dart
DA:18,0
DA:20,0
DA:25,0
DA:31,0
DA:32,0
DA:33,0
DA:34,0
DA:35,0
DA:37,0
DA:38,0
DA:42,0
DA:43,0
DA:44,0
DA:45,0
DA:46,0
DA:47,0
DA:49,0
DA:50,0
DA:54,0
DA:55,0
DA:57,0
DA:58,0
DA:61,0
DA:62,0
DA:63,0
DA:65,0
DA:66,0
DA:68,0
DA:72,0
DA:73,0
DA:74,0
DA:76,0
DA:78,0
DA:79,0
DA:80,0
DA:81,0
DA:82,0
DA:83,0
DA:85,0
DA:86,0
DA:87,0
DA:94,0
DA:95,0
DA:96,0
DA:98,0
DA:100,0
DA:101,0
DA:102,0
DA:103,0
DA:104,0
DA:105,0
DA:106,0
DA:108,0
DA:109,0
DA:110,0
DA:118,0
DA:119,0
DA:120,0
DA:121,0
DA:122,0
DA:123,0
DA:125,0
DA:127,0
DA:128,0
DA:130,0
DA:131,0
DA:132,0
DA:137,0
DA:142,0
DA:144,0
DA:146,0
DA:147,0
DA:150,0
DA:152,0
DA:153,0
DA:154,0
DA:155,0
DA:156,0
DA:157,0
DA:158,0
DA:159,0
DA:161,0
DA:162,0
DA:163,0
DA:167,0
DA:168,0
DA:169,0
DA:171,0
DA:179,0
DA:181,0
DA:182,0
DA:185,0
DA:187,0
DA:188,0
DA:189,0
DA:190,0
DA:191,0
DA:192,0
DA:193,0
DA:194,0
DA:196,0
DA:197,0
DA:198,0
DA:202,0
DA:203,0
DA:204,0
DA:206,0
DA:214,0
DA:215,0
DA:216,0
DA:217,0
DA:220,0
DA:223,0
LF:113
LH:0
end_of_record
SF:lib\turf_widget_gridview.dart
DA:20,0
DA:26,0
DA:27,0
DA:43,0
DA:45,0
DA:46,0
DA:49,0
DA:50,0
DA:51,0
DA:52,0
DA:53,0
DA:55,0
DA:56,0
DA:59,0
DA:61,0
DA:62,0
DA:63,0
DA:64,0
DA:69,0
DA:70,0
DA:71,0
DA:72,0
DA:73,0
DA:74,0
DA:77,0
DA:78,0
DA:79,0
DA:81,0
DA:82,0
DA:83,0
DA:84,0
DA:85,0
DA:86,0
DA:88,0
DA:89,0
DA:93,0
DA:94,0
DA:95,0
DA:100,0
DA:101,0
DA:103,0
DA:104,0
DA:105,0
DA:107,0
DA:110,0
DA:111,0
DA:112,0
DA:116,0
DA:117,0
DA:118,0
DA:119,0
DA:121,0
DA:123,0
DA:124,0
DA:125,0
DA:126,0
DA:127,0
DA:128,0
DA:129,0
DA:133,0
DA:134,0
DA:136,0
DA:138,0
DA:139,0
DA:140,0
DA:141,0
DA:148,0
DA:150,0
DA:151,0
DA:152,0
DA:153,0
DA:154,0
DA:155,0
DA:157,0
DA:158,0
DA:159,0
DA:180,0
DA:181,0
DA:184,0
DA:185,0
DA:186,0
DA:187,0
DA:188,0
DA:190,0
DA:191,0
DA:192,0
DA:193,0
DA:194,0
DA:195,0
DA:196,0
DA:199,0
DA:200,0
DA:201,0
DA:202,0
DA:203,0
DA:204,0
DA:205,0
DA:206,0
DA:208,0
DA:210,0
DA:211,0
DA:212,0
DA:218,0
DA:219,0
DA:221,0
DA:222,0
DA:223,0
DA:226,0
DA:227,0
DA:229,0
DA:230,0
DA:233,0
DA:234,0
DA:239,0
DA:242,0
DA:247,0
DA:248,0
DA:249,0
DA:252,0
DA:255,0
DA:256,0
DA:257,0
DA:258,0
DA:259,0
DA:260,0
DA:261,0
DA:262,0
DA:264,0
DA:269,0
DA:272,0
DA:273,0
DA:278,0
DA:281,0
DA:286,0
DA:287,0
DA:288,0
DA:289,0
DA:291,0
DA:297,0
DA:301,0
DA:303,0
DA:304,0
DA:307,0
DA:308,0
DA:310,0
DA:313,0
DA:314,0
DA:316,0
DA:325,0
DA:329,0
DA:330,0
DA:331,0
DA:332,0
DA:334,0
DA:335,0
DA:337,0
DA:339,0
DA:344,0
DA:345,0
DA:346,0
DA:347,0
DA:349,0
DA:351,0
DA:352,0
DA:361,0
DA:363,0
DA:364,0
DA:365,0
DA:366,0
DA:367,0
DA:368,0
DA:369,0
DA:370,0
DA:371,0
DA:372,0
DA:373,0
DA:377,0
DA:378,0
DA:379,0
DA:381,0
DA:382,0
DA:383,0
DA:385,0
DA:386,0
DA:389,0
DA:392,0
DA:393,0
DA:395,0
DA:396,0
LF:189
LH:0
end_of_record
SF:lib\profileconstants.dart
DA:6,0
DA:7,0
DA:8,0
DA:9,0
DA:10,0
DA:11,0
DA:13,0
DA:15,0
LF:8
LH:0
end_of_record
SF:lib\schedules\selectusersfortasks_widget.dart
DA:14,0
DA:15,0
DA:19,0
DA:24,0
DA:25,0
DA:26,0
DA:27,0
DA:28,0
DA:29,0
DA:31,0
DA:32,0
DA:36,0
DA:38,0
DA:39,0
DA:45,0
DA:46,0
DA:48,0
DA:52,0
DA:53,0
DA:54,0
DA:56,0
DA:58,0
DA:59,0
DA:60,0
DA:61,0
DA:62,0
DA:63,0
DA:70,0
DA:72,0
DA:73,0
DA:75,0
DA:77,0
DA:80,0
DA:81,0
DA:82,0
DA:83,0
DA:86,0
DA:88,0
DA:89,0
DA:90,0
DA:91,0
DA:92,0
DA:93,0
DA:94,0
DA:96,0
DA:97,0
DA:98,0
DA:101,0
DA:102,0
DA:108,0
DA:109,0
DA:110,0
DA:112,0
DA:113,0
DA:114,0
DA:116,0
DA:118,0
DA:120,0
DA:121,0
DA:122,0
DA:125,0
DA:126,0
DA:127,0
DA:128,0
DA:130,0
DA:132,0
LF:66
LH:0
end_of_record
SF:lib\schedules\clickedOnTask_widget.dart
DA:27,0
DA:29,0
DA:30,0
DA:37,0
DA:38,0
DA:39,0
DA:42,0
DA:43,0
DA:44,0
DA:45,0
DA:46,0
DA:47,0
DA:48,0
DA:51,0
DA:55,0
DA:56,0
DA:58,0
DA:59,0
DA:62,0
DA:63,0
DA:64,0
DA:67,0
DA:68,0
DA:69,0
DA:72,0
DA:73,0
DA:74,0
DA:75,0
DA:76,0
DA:77,0
DA:79,0
DA:80,0
DA:81,0
DA:82,0
DA:83,0
DA:84,0
DA:88,0
DA:89,0
DA:90,0
DA:92,0
DA:93,0
DA:94,0
DA:95,0
DA:97,0
DA:98,0
DA:99,0
DA:100,0
DA:101,0
DA:102,0
DA:103,0
DA:105,0
DA:110,0
DA:111,0
DA:112,0
DA:113,0
DA:114,0
DA:115,0
DA:116,0
DA:117,0
DA:118,0
DA:119,0
DA:120,0
DA:121,0
DA:122,0
DA:123,0
DA:124,0
DA:127,0
DA:128,0
DA:131,0
DA:132,0
DA:134,0
DA:135,0
DA:136,0
DA:137,0
DA:138,0
DA:139,0
DA:140,0
DA:143,0
DA:144,0
DA:154,0
DA:155,0
DA:157,0
DA:158,0
DA:159,0
DA:162,0
DA:163,0
DA:164,0
DA:165,0
DA:169,0
DA:170,0
DA:171,0
DA:172,0
DA:173,0
DA:175,0
DA:177,0
DA:178,0
DA:179,0
DA:180,0
DA:187,0
DA:188,0
DA:189,0
DA:190,0
DA:191,0
DA:192,0
DA:193,0
DA:194,0
DA:196,0
DA:197,0
DA:198,0
DA:199,0
DA:200,0
DA:201,0
DA:202,0
DA:208,0
DA:211,0
DA:213,0
DA:214,0
DA:216,0
DA:217,0
DA:218,0
DA:219,0
DA:220,0
DA:221,0
DA:222,0
DA:223,0
DA:224,0
DA:226,0
DA:227,0
DA:232,0
DA:233,0
DA:237,0
DA:238,0
DA:240,0
DA:245,0
DA:246,0
DA:255,0
DA:258,0
DA:259,0
DA:260,0
DA:261,0
DA:262,0
DA:263,0
DA:264,0
DA:265,0
DA:266,0
DA:267,0
DA:271,0
DA:274,0
DA:275,0
DA:277,0
DA:278,0
DA:279,0
DA:280,0
DA:281,0
DA:283,0
DA:287,0
DA:288,0
DA:290,0
DA:291,0
DA:292,0
DA:293,0
DA:294,0
DA:296,0
DA:300,0
DA:301,0
DA:302,0
DA:303,0
DA:304,0
DA:306,0
DA:308,0
DA:309,0
DA:311,0
DA:312,0
DA:313,0
DA:317,0
DA:320,0
DA:321,0
DA:322,0
DA:324,0
DA:328,0
DA:329,0
DA:330,0
DA:331,0
DA:333,0
DA:335,0
DA:336,0
DA:338,0
DA:339,0
DA:340,0
DA:345,0
DA:347,0
DA:348,0
DA:349,0
DA:350,0
DA:351,0
DA:352,0
DA:353,0
DA:354,0
DA:355,0
DA:356,0
DA:357,0
DA:358,0
DA:359,0
DA:360,0
DA:361,0
DA:362,0
DA:363,0
DA:364,0
DA:365,0
LF:209
LH:0
end_of_record
